     1                                  ; lab4.asm
     2                                  
     3                                  SECTION .data ; Начало секции данных
     4                                  
     5 00000000 D090D0B1D0B0D0BAD1-     lab4: DB 'Абакумов Тимофей',10 ; 'Абакумов Тимофей' плюс
     5 00000009 83D0BCD0BED0B220D0-
     5 00000012 A2D0B8D0BCD0BED184-
     5 0000001B D0B5D0B90A         
     6                                  
     7                                  ; символ перевода строки
     8                                  
     9                                  lab4Len: EQU $-lab4 ; Длина строки lab4
    10                                  
    11                                  SECTION .text ; Начало секции кода
    12                                  
    13                                  GLOBAL _start
    14                                  
    15                                  _start: ; Точка входа в программу
    16                                  
    17 00000000 B804000000              mov eax,4 ; Системный вызов для записи (sys_write)
    18                                  
    19 00000005 BB01000000              mov ebx,1 ; Описатель файла '1' - стандартный вывод
    20                                  
    21 0000000A B9[00000000]            mov ecx,lab4 ; Адрес строки lab4 в ecx
    22                                  
    23 0000000F BA20000000              mov edx,lab4Len ; Размер строки lab4
    24                                  
    25 00000014 CD80                    int 80h ; Вызов ядра
    26                                  
    27 00000016 B801000000              mov eax,1 ; Системный вызов для выхода (sys_exit)
    28                                  
    29 0000001B BB00000000              mov ebx,0 ; Выход с кодом возврата '0' (без ошибок)
    30                                  
    31 00000020 CD80                    int 80h ; Вызов ядра
